2018-08-31 15:20:22 INFO  -  Starting new Transaction
2018-08-31 15:20:22 INFO  -  TRANSACTION_ID: 31
2018-08-31 15:20:22 INFO  -  TIMESTAMP: 31/08/2018 15:20:22 Argentine Time
2018-08-31 15:20:22 INFO  -  NAME_AND_FORMAT: foto.jpg
2018-08-31 15:20:22 INFO  -  BIOMETRIC_FACTOR: 8051dc53c9158f3e898f040e1b3dbd77d5662aecc64e4b60bd7028643915c067
2018-08-31 15:20:22 INFO  -  BIOMETRIC_SCORE: 91.32
2018-08-31 15:20:22 INFO  -  SHA256_HASH: c1dd5ef9e2a52bfb47fc07a3f8672d2926bff08de6f63dd8f56c87050b295e01
2018-08-31 15:20:22 INFO  -  Ending Transaction
2018-08-31 15:53:42 INFO  -  Starting new Transaction
2018-08-31 15:53:42 INFO  -  TRANSACTION_ID: 31
2018-08-31 15:53:42 INFO  -  TIMESTAMP: 31/08/2018 15:53:42 Argentine Time
2018-08-31 15:53:42 INFO  -  NAME_AND_FORMAT: foto.jpg
2018-08-31 15:53:58 INFO  -  Starting new Transaction
2018-08-31 15:53:58 INFO  -  TRANSACTION_ID: 31
2018-08-31 15:53:58 INFO  -  TIMESTAMP: 31/08/2018 15:53:58 Argentine Time
2018-08-31 15:53:58 INFO  -  NAME_AND_FORMAT: foto.jpg
2018-08-31 15:53:58 INFO  -  BIOMETRIC_FACTOR: 8051dc53c9158f3e898f040e1b3dbd77d5662aecc64e4b60bd7028643915c067
2018-08-31 15:53:58 INFO  -  BIOMETRIC_SCORE: 91.32
2018-08-31 15:53:58 INFO  -  SHA256_HASH: 7560cd376b419f265bca42591eff3f5d57e3afbba70eff1f6f67abca59cb3eed
2018-08-31 15:53:58 INFO  -  Ending Transaction
2018-09-03 14:54:05 INFO  -  Starting new Transaction
2018-09-03 14:54:05 INFO  -  TRANSACTION_ID: 31
2018-09-03 14:54:05 INFO  -  TIMESTAMP: 03/09/2018 14:54:05 Argentine Time
2018-09-03 14:54:05 INFO  -  NAME_AND_FORMAT: foto.jpg
2018-09-03 14:54:05 INFO  -  BIOMETRIC_FACTOR_HASH: 8051dc53c9158f3e898f040e1b3dbd77d5662aecc64e4b60bd7028643915c067
2018-09-03 14:54:05 INFO  -  BIOMETRIC_SCORE: 91.32
2018-09-03 14:54:05 INFO  -  SHA256_HASH: a2b8cd62f599c690e27bcc08d08ccba966fdfcee6258db848d164de5be66f68b
2018-09-03 14:54:05 INFO  -  Ending Transaction
2018-09-03 14:54:09 WARN  -  Warning: You did not close a PDF Document
2018-09-03 14:55:03 INFO  -  Starting new Transaction
2018-09-03 14:55:03 INFO  -  TRANSACTION_ID: 31
2018-09-03 14:55:03 INFO  -  TIMESTAMP: 03/09/2018 14:55:03 Argentine Time
2018-09-03 14:55:03 INFO  -  NAME_AND_FORMAT: foto.jpg
2018-09-03 14:55:03 INFO  -  BIOMETRIC_FACTOR_HASH: 8051dc53c9158f3e898f040e1b3dbd77d5662aecc64e4b60bd7028643915c067
2018-09-03 14:55:03 INFO  -  BIOMETRIC_SCORE: 91.32
2018-09-03 14:55:03 INFO  -  SHA256_HASH: 3b033c30ed07bf25f8bbf81a506933cb8d870b22c2f913ca9595f4277233b452
2018-09-03 14:55:03 INFO  -  Ending Transaction
2018-09-03 14:55:07 WARN  -  Warning: You did not close a PDF Document
2018-09-03 14:55:43 INFO  -  Starting new Transaction
2018-09-03 14:55:43 INFO  -  TRANSACTION_ID: 31
2018-09-03 14:55:43 INFO  -  TIMESTAMP: 03/09/2018 14:55:43 Argentine Time
2018-09-03 14:55:43 INFO  -  NAME_AND_FORMAT: foto.jpg
2018-09-03 14:55:43 INFO  -  BIOMETRIC_FACTOR_HASH: 8051dc53c9158f3e898f040e1b3dbd77d5662aecc64e4b60bd7028643915c067
2018-09-03 14:55:43 INFO  -  BIOMETRIC_SCORE: 91.32
2018-09-03 14:55:43 INFO  -  SHA256_HASH: 9b600be50b9fcb563b0deac4bed1597114f07cdca3b7a18dbb7ad4ca9ec957ef
2018-09-03 14:55:43 INFO  -  Ending Transaction
2018-09-03 14:55:47 WARN  -  Warning: You did not close a PDF Document
2018-09-03 15:34:19 INFO  -  Starting new Transaction
2018-09-03 15:34:19 INFO  -  TRANSACTION_ID: 31
2018-09-03 15:34:19 INFO  -  TIMESTAMP: 03/09/2018 15:34:19 Argentine Time
2018-09-03 15:34:19 INFO  -  NAME_AND_FORMAT: foto.jpg
2018-09-03 15:37:31 INFO  -  Starting new Transaction
2018-09-03 15:37:31 INFO  -  TRANSACTION_ID: 31
2018-09-03 15:37:31 INFO  -  TIMESTAMP: 03/09/2018 15:37:31 Argentine Time
2018-09-03 15:37:31 INFO  -  NAME_AND_FORMAT: foto.jpg
2018-09-03 15:37:32 INFO  -  BIOMETRIC_FACTOR_HASH: ca16edf697f8ec6885f4112dcddecf4d9afd9e6112ce333b224ef5f022a5d39f
2018-09-03 15:37:32 INFO  -  BIOMETRIC_SCORE: 91.32
2018-09-03 15:37:32 INFO  -  SHA256_HASH: be7268c5a35ffc0eb2e5323c734eb795a36ad95748fd7ab9af9b155674d97951
2018-09-03 15:37:32 INFO  -  Ending Transaction
2018-09-03 15:37:39 WARN  -  Warning: You did not close a PDF Document
2018-09-03 16:10:06 INFO  -  Starting new Transaction
2018-09-03 16:10:06 INFO  -  TRANSACTION_ID: 31
2018-09-03 16:10:06 INFO  -  NAME: Tomas Augusto Germano
2018-09-03 16:10:06 INFO  -  IDENTIFICATION_NUMBER: 29193645
2018-09-03 16:10:06 INFO  -  GENDER: Masculino
2018-09-03 16:10:06 INFO  -  TIMESTAMP: 03/09/2018 16:10:06 Argentine Time
2018-09-03 16:10:06 INFO  -  BIOMETRIC_NAME_AND_FORMAT: foto.jpg
2018-09-03 16:10:07 INFO  -  BIOMETRIC_FACTOR_HASH: 8051dc53c9158f3e898f040e1b3dbd77d5662aecc64e4b60bd7028643915c067
2018-09-03 16:10:07 INFO  -  BIOMETRIC_SCORE: 91.32
2018-09-03 16:10:07 INFO  -  SHA256_HASH: d94031980b2c568b7eea76b7e645c58befac4ea706b0749c46baf0b3bbe51ebc
2018-09-03 16:10:07 INFO  -  Ending Transaction
2018-09-03 16:10:11 WARN  -  Warning: You did not close a PDF Document
2018-09-03 16:42:28 INFO  -  Starting new Transaction
2018-09-03 16:42:28 INFO  -  TRANSACTION_ID: 31
2018-09-03 16:42:28 INFO  -  NAME: Tomas Augusto Germano
2018-09-03 16:42:28 INFO  -  IDENTIFICATION_NUMBER: 29193645
2018-09-03 16:42:28 INFO  -  GENDER: Masculino
2018-09-03 16:42:28 INFO  -  TIMESTAMP: 03/09/2018 16:42:28 Argentine Time
2018-09-03 16:42:28 INFO  -  BIOMETRIC_NAME_AND_FORMAT: foto.jpg
2018-09-03 16:45:10 INFO  -  Starting new Transaction
2018-09-03 16:45:10 INFO  -  TRANSACTION_ID: 31
2018-09-03 16:45:10 INFO  -  NAME: Tomas Augusto Germano
2018-09-03 16:45:10 INFO  -  IDENTIFICATION_NUMBER: 29193645
2018-09-03 16:45:10 INFO  -  GENDER: Masculino
2018-09-03 16:45:10 INFO  -  TIMESTAMP: 03/09/2018 16:45:10 Argentine Time
2018-09-03 16:45:10 INFO  -  BIOMETRIC_NAME_AND_FORMAT: foto.jpg
2018-09-03 16:45:10 INFO  -  BIOMETRIC_FACTOR_HASH: bdd7d5ad9b988549db803b220d9adea20b12a6d39fe71e838e84300ae2baef11
2018-09-03 16:45:10 INFO  -  BIOMETRIC_SCORE: 91.32
2018-09-03 16:45:10 INFO  -  SHA256_HASH: 1122f25a667a708c9335b0cd5e08224552f3086edf9baf11635780a98260bb1c
2018-09-03 16:45:10 INFO  -  Ending Transaction
2018-09-03 16:45:14 WARN  -  Warning: You did not close a PDF Document
